D:\DOCUMENTS\UNIVERSITY\CS 204\HOMEWORKS\CS204_HOMEWORK7_SPRING2021\HW7\HW7\DEBUG\ATAOLLAH_HOSSEINZADEH FARD_ATAOLLAH_HW7_HW7DYNINTQUEUE.OBJ
D:\DOCUMENTS\UNIVERSITY\CS 204\HOMEWORKS\CS204_HOMEWORK7_SPRING2021\HW7\HW7\DEBUG\VC110.PDB
D:\DOCUMENTS\UNIVERSITY\CS 204\HOMEWORKS\CS204_HOMEWORK7_SPRING2021\HW7\HW7\DEBUG\ATAOLLAH_HOSSEINZADEH FARD_ATAOLLAH_HW7.OBJ
D:\DOCUMENTS\UNIVERSITY\CS 204\HOMEWORKS\CS204_HOMEWORK7_SPRING2021\HW7\DEBUG\HW7.ILK
D:\DOCUMENTS\UNIVERSITY\CS 204\HOMEWORKS\CS204_HOMEWORK7_SPRING2021\HW7\DEBUG\HW7.EXE
D:\DOCUMENTS\UNIVERSITY\CS 204\HOMEWORKS\CS204_HOMEWORK7_SPRING2021\HW7\DEBUG\HW7.PDB
D:\Documents\University\CS 204\Homeworks\CS204_Homework7_Spring2021\HW7\HW7\Debug\ataollah_Hosseinzadeh Fard_Ataollah_hw7.obj
D:\Documents\University\CS 204\Homeworks\CS204_Homework7_Spring2021\HW7\HW7\Debug\ataollah_Hosseinzadeh Fard_Ataollah_hw7_HW7DynIntQueue.obj
D:\Documents\University\CS 204\Homeworks\CS204_Homework7_Spring2021\HW7\HW7\Debug\cl.command.1.tlog
D:\Documents\University\CS 204\Homeworks\CS204_Homework7_Spring2021\HW7\HW7\Debug\CL.read.1.tlog
D:\Documents\University\CS 204\Homeworks\CS204_Homework7_Spring2021\HW7\HW7\Debug\CL.write.1.tlog
D:\Documents\University\CS 204\Homeworks\CS204_Homework7_Spring2021\HW7\HW7\Debug\link-cvtres.read.1.tlog
D:\Documents\University\CS 204\Homeworks\CS204_Homework7_Spring2021\HW7\HW7\Debug\link-cvtres.write.1.tlog
D:\Documents\University\CS 204\Homeworks\CS204_Homework7_Spring2021\HW7\HW7\Debug\link-rc.read.1.tlog
D:\Documents\University\CS 204\Homeworks\CS204_Homework7_Spring2021\HW7\HW7\Debug\link-rc.write.1.tlog
D:\Documents\University\CS 204\Homeworks\CS204_Homework7_Spring2021\HW7\HW7\Debug\link.command.1.tlog
D:\Documents\University\CS 204\Homeworks\CS204_Homework7_Spring2021\HW7\HW7\Debug\link.read.1.tlog
D:\Documents\University\CS 204\Homeworks\CS204_Homework7_Spring2021\HW7\HW7\Debug\link.write.1.tlog
D:\Documents\University\CS 204\Homeworks\CS204_Homework7_Spring2021\HW7\HW7\Debug\vc110.idb
D:\Documents\University\CS 204\Homeworks\CS204_Homework7_Spring2021\HW7\HW7\Debug\vc110.pdb
D:\Documents\University\CS 204\Homeworks\CS204_Homework7_Spring2021\HW7\Debug\HW7.pdb
D:\Documents\University\CS 204\Homeworks\CS204_Homework7_Spring2021\HW7\Debug\HW7.exe
D:\Documents\University\CS 204\Homeworks\CS204_Homework7_Spring2021\HW7\Debug\HW7.ilk
