Build started 08/12/2021 20:46:42.
     1>Project "C:\Users\hosse\Documents\Documents\University\CS 300\assignments\assignment 2\28610-AtaollahHosseinzadehFard\28610-AtaollahHosseinzadehFard\28610-AtaollahHosseinzadehFard.vcxproj" on node 2 (Build target(s)).
     1>ClCompile:
         C:\Program Files (x86)\Microsoft Visual Studio 11.0\VC\bin\CL.exe /c /ZI /nologo /W3 /WX- /Od /Oy- /D WIN32 /D _DEBUG /D _CONSOLE /D _UNICODE /D UNICODE /Gm /EHsc /RTC1 /MDd /GS /fp:precise /Zc:wchar_t /Zc:forScope /Fo"Debug\\" /Fd"Debug\vc110.pdb" /Gd /TP /analyze- /errorReport:prompt "28610-AtaollahHosseinzadehFard.cpp"
         28610-AtaollahHosseinzadehFard.cpp
     1>c:\users\hosse\documents\documents\university\cs 300\assignments\assignment 2\28610-ataollahhosseinzadehfard\28610-ataollahhosseinzadehfard\hashtable.cpp(29): warning C4018: '<' : signed/unsigned mismatch
     1>c:\users\hosse\documents\documents\university\cs 300\assignments\assignment 2\28610-ataollahhosseinzadehfard\28610-ataollahhosseinzadehfard\28610-ataollahhosseinzadehfard.cpp(30): warning C4018: '<=' : signed/unsigned mismatch
     1>c:\users\hosse\documents\documents\university\cs 300\assignments\assignment 2\28610-ataollahhosseinzadehfard\28610-ataollahhosseinzadehfard\hashtable.cpp(131): warning C4018: '>=' : signed/unsigned mismatch
                 c:\users\hosse\documents\documents\university\cs 300\assignments\assignment 2\28610-ataollahhosseinzadehfard\28610-ataollahhosseinzadehfard\hashtable.cpp(123) : while compiling class template member function 'void HashTable<HashedObj>::insert(const HashedObj &)'
                 with
                 [
                     HashedObj=dict<std::string>
                 ]
                 c:\users\hosse\documents\documents\university\cs 300\assignments\assignment 2\28610-ataollahhosseinzadehfard\28610-ataollahhosseinzadehfard\28610-ataollahhosseinzadehfard.cpp(26) : see reference to function template instantiation 'void HashTable<HashedObj>::insert(const HashedObj &)' being compiled
                 with
                 [
                     HashedObj=dict<std::string>
                 ]
                 c:\users\hosse\documents\documents\university\cs 300\assignments\assignment 2\28610-ataollahhosseinzadehfard\28610-ataollahhosseinzadehfard\28610-ataollahhosseinzadehfard.cpp(22) : see reference to class template instantiation 'HashTable<HashedObj>' being compiled
                 with
                 [
                     HashedObj=dict<std::string>
                 ]
     1>c:\users\hosse\documents\documents\university\cs 300\assignments\assignment 2\28610-ataollahhosseinzadehfard\28610-ataollahhosseinzadehfard\hashtable.cpp(152): warning C4018: '<' : signed/unsigned mismatch
                 c:\users\hosse\documents\documents\university\cs 300\assignments\assignment 2\28610-ataollahhosseinzadehfard\28610-ataollahhosseinzadehfard\hashtable.cpp(151) : while compiling class template member function 'void HashTable<HashedObj>::makeEmpty(void)'
                 with
                 [
                     HashedObj=dict<std::string>
                 ]
                 c:\users\hosse\documents\documents\university\cs 300\assignments\assignment 2\28610-ataollahhosseinzadehfard\28610-ataollahhosseinzadehfard\hashtable.cpp(47) : see reference to function template instantiation 'void HashTable<HashedObj>::makeEmpty(void)' being compiled
                 with
                 [
                     HashedObj=dict<std::string>
                 ]
                 c:\users\hosse\documents\documents\university\cs 300\assignments\assignment 2\28610-ataollahhosseinzadehfard\28610-ataollahhosseinzadehfard\hashtable.cpp(45) : while compiling class template member function 'HashTable<HashedObj>::HashTable(const HashedObj &,int)'
                 with
                 [
                     HashedObj=dict<std::string>
                 ]
                 c:\users\hosse\documents\documents\university\cs 300\assignments\assignment 2\28610-ataollahhosseinzadehfard\28610-ataollahhosseinzadehfard\28610-ataollahhosseinzadehfard.cpp(22) : see reference to function template instantiation 'HashTable<HashedObj>::HashTable(const HashedObj &,int)' being compiled
                 with
                 [
                     HashedObj=dict<std::string>
                 ]
     1>c:\users\hosse\documents\documents\university\cs 300\assignments\assignment 2\28610-ataollahhosseinzadehfard\28610-ataollahhosseinzadehfard\hashtable.cpp(93): warning C4018: '>=' : signed/unsigned mismatch
                 c:\users\hosse\documents\documents\university\cs 300\assignments\assignment 2\28610-ataollahhosseinzadehfard\28610-ataollahhosseinzadehfard\hashtable.cpp(87) : while compiling class template member function 'int HashTable<HashedObj>::findPos(const HashedObj &) const'
                 with
                 [
                     HashedObj=dict<std::string>
                 ]
                 c:\users\hosse\documents\documents\university\cs 300\assignments\assignment 2\28610-ataollahhosseinzadehfard\28610-ataollahhosseinzadehfard\hashtable.cpp(115) : see reference to function template instantiation 'int HashTable<HashedObj>::findPos(const HashedObj &) const' being compiled
                 with
                 [
                     HashedObj=dict<std::string>
                 ]
     1>c:\users\hosse\documents\documents\university\cs 300\assignments\assignment 2\28610-ataollahhosseinzadehfard\28610-ataollahhosseinzadehfard\hashtable.cpp(141): warning C4018: '<' : signed/unsigned mismatch
                 c:\users\hosse\documents\documents\university\cs 300\assignments\assignment 2\28610-ataollahhosseinzadehfard\28610-ataollahhosseinzadehfard\hashtable.cpp(136) : while compiling class template member function 'void HashTable<HashedObj>::rehash(void)'
                 with
                 [
                     HashedObj=dict<std::string>
                 ]
                 c:\users\hosse\documents\documents\university\cs 300\assignments\assignment 2\28610-ataollahhosseinzadehfard\28610-ataollahhosseinzadehfard\hashtable.cpp(132) : see reference to function template instantiation 'void HashTable<HashedObj>::rehash(void)' being compiled
                 with
                 [
                     HashedObj=dict<std::string>
                 ]
     1>c:\users\hosse\documents\documents\university\cs 300\assignments\assignment 2\28610-ataollahhosseinzadehfard\28610-ataollahhosseinzadehfard\hashtable.cpp(145): warning C4018: '<' : signed/unsigned mismatch
       Link:
         C:\Program Files (x86)\Microsoft Visual Studio 11.0\VC\bin\link.exe /ERRORREPORT:PROMPT /OUT:"C:\Users\hosse\Documents\Documents\University\CS 300\assignments\assignment 2\28610-AtaollahHosseinzadehFard\Debug\28610-AtaollahHosseinzadehFard.exe" /INCREMENTAL /NOLOGO kernel32.lib user32.lib gdi32.lib winspool.lib comdlg32.lib advapi32.lib shell32.lib ole32.lib oleaut32.lib uuid.lib odbc32.lib odbccp32.lib /MANIFEST /MANIFESTUAC:"level='asInvoker' uiAccess='false'" /manifest:embed /DEBUG /PDB:"C:\Users\hosse\Documents\Documents\University\CS 300\assignments\assignment 2\28610-AtaollahHosseinzadehFard\Debug\28610-AtaollahHosseinzadehFard.pdb" /SUBSYSTEM:CONSOLE /TLBID:1 /DYNAMICBASE /NXCOMPAT /IMPLIB:"C:\Users\hosse\Documents\Documents\University\CS 300\assignments\assignment 2\28610-AtaollahHosseinzadehFard\Debug\28610-AtaollahHosseinzadehFard.lib" /MACHINE:X86 "Debug\28610-AtaollahHosseinzadehFard.obj"
         28610-AtaollahHosseinzadehFard.vcxproj -> C:\Users\hosse\Documents\Documents\University\CS 300\assignments\assignment 2\28610-AtaollahHosseinzadehFard\Debug\28610-AtaollahHosseinzadehFard.exe
     1>Done Building Project "C:\Users\hosse\Documents\Documents\University\CS 300\assignments\assignment 2\28610-AtaollahHosseinzadehFard\28610-AtaollahHosseinzadehFard\28610-AtaollahHosseinzadehFard.vcxproj" (Build target(s)).

Build succeeded.

Time Elapsed 00:00:01.23
