C:\USERS\HOSSE\DOCUMENTS\DOCUMENTS\UNIVERSITY\CS 300\ASSIGNMENTS\ASSIGNMENT 2\28610-ATAOLLAHHOSSEINZADEHFARD\28610-ATAOLLAHHOSSEINZADEHFARD\DEBUG\28610-ATAOLLAHHOSSEINZADEHFARD.OBJ
C:\USERS\HOSSE\DOCUMENTS\DOCUMENTS\UNIVERSITY\CS 300\ASSIGNMENTS\ASSIGNMENT 2\28610-ATAOLLAHHOSSEINZADEHFARD\28610-ATAOLLAHHOSSEINZADEHFARD\DEBUG\VC110.PDB
C:\USERS\HOSSE\DOCUMENTS\DOCUMENTS\UNIVERSITY\CS 300\ASSIGNMENTS\ASSIGNMENT 2\28610-ATAOLLAHHOSSEINZADEHFARD\28610-ATAOLLAHHOSSEINZADEHFARD\DEBUG\28610-ATAOLLAHHOSSEINZADEHFARD_COMPRESS.OBJ
C:\USERS\HOSSE\DOCUMENTS\DOCUMENTS\UNIVERSITY\CS 300\ASSIGNMENTS\ASSIGNMENT 2\28610-ATAOLLAHHOSSEINZADEHFARD\28610-ATAOLLAHHOSSEINZADEHFARD\DEBUG\28610-ATAOLLAHHOSSEINZADEHFARD_DECOMPRESS.OBJ
C:\USERS\HOSSE\DOCUMENTS\DOCUMENTS\UNIVERSITY\CS 300\ASSIGNMENTS\ASSIGNMENT 2\28610-ATAOLLAHHOSSEINZADEHFARD\DEBUG\28610-ATAOLLAHHOSSEINZADEHFARD.ILK
C:\USERS\HOSSE\DOCUMENTS\DOCUMENTS\UNIVERSITY\CS 300\ASSIGNMENTS\ASSIGNMENT 2\28610-ATAOLLAHHOSSEINZADEHFARD\DEBUG\28610-ATAOLLAHHOSSEINZADEHFARD.EXE
C:\USERS\HOSSE\DOCUMENTS\DOCUMENTS\UNIVERSITY\CS 300\ASSIGNMENTS\ASSIGNMENT 2\28610-ATAOLLAHHOSSEINZADEHFARD\DEBUG\28610-ATAOLLAHHOSSEINZADEHFARD.PDB
C:\Users\hosse\Documents\Documents\University\CS 300\assignments\assignment 2\28610-AtaollahHosseinzadehFard\28610-AtaollahHosseinzadehFard\Debug\28610-AtaollahHosseinzadehFard.obj
C:\Users\hosse\Documents\Documents\University\CS 300\assignments\assignment 2\28610-AtaollahHosseinzadehFard\28610-AtaollahHosseinzadehFard\Debug\28610-AtaollahHosseinzadehFard_compress.obj
C:\Users\hosse\Documents\Documents\University\CS 300\assignments\assignment 2\28610-AtaollahHosseinzadehFard\28610-AtaollahHosseinzadehFard\Debug\28610-AtaollahHosseinzadehFard_decompress.obj
C:\Users\hosse\Documents\Documents\University\CS 300\assignments\assignment 2\28610-AtaollahHosseinzadehFard\28610-AtaollahHosseinzadehFard\Debug\cl.command.1.tlog
C:\Users\hosse\Documents\Documents\University\CS 300\assignments\assignment 2\28610-AtaollahHosseinzadehFard\28610-AtaollahHosseinzadehFard\Debug\CL.read.1.tlog
C:\Users\hosse\Documents\Documents\University\CS 300\assignments\assignment 2\28610-AtaollahHosseinzadehFard\28610-AtaollahHosseinzadehFard\Debug\CL.write.1.tlog
C:\Users\hosse\Documents\Documents\University\CS 300\assignments\assignment 2\28610-AtaollahHosseinzadehFard\28610-AtaollahHosseinzadehFard\Debug\link-cvtres.read.1.tlog
C:\Users\hosse\Documents\Documents\University\CS 300\assignments\assignment 2\28610-AtaollahHosseinzadehFard\28610-AtaollahHosseinzadehFard\Debug\link-cvtres.write.1.tlog
C:\Users\hosse\Documents\Documents\University\CS 300\assignments\assignment 2\28610-AtaollahHosseinzadehFard\28610-AtaollahHosseinzadehFard\Debug\link-rc.read.1.tlog
C:\Users\hosse\Documents\Documents\University\CS 300\assignments\assignment 2\28610-AtaollahHosseinzadehFard\28610-AtaollahHosseinzadehFard\Debug\link-rc.write.1.tlog
C:\Users\hosse\Documents\Documents\University\CS 300\assignments\assignment 2\28610-AtaollahHosseinzadehFard\28610-AtaollahHosseinzadehFard\Debug\link.16112-cvtres.read.1.tlog
C:\Users\hosse\Documents\Documents\University\CS 300\assignments\assignment 2\28610-AtaollahHosseinzadehFard\28610-AtaollahHosseinzadehFard\Debug\link.16112-cvtres.write.1.tlog
C:\Users\hosse\Documents\Documents\University\CS 300\assignments\assignment 2\28610-AtaollahHosseinzadehFard\28610-AtaollahHosseinzadehFard\Debug\link.16112-rc.read.1.tlog
C:\Users\hosse\Documents\Documents\University\CS 300\assignments\assignment 2\28610-AtaollahHosseinzadehFard\28610-AtaollahHosseinzadehFard\Debug\link.16112-rc.write.1.tlog
C:\Users\hosse\Documents\Documents\University\CS 300\assignments\assignment 2\28610-AtaollahHosseinzadehFard\28610-AtaollahHosseinzadehFard\Debug\link.16112.read.1.tlog
C:\Users\hosse\Documents\Documents\University\CS 300\assignments\assignment 2\28610-AtaollahHosseinzadehFard\28610-AtaollahHosseinzadehFard\Debug\link.16112.write.1.tlog
C:\Users\hosse\Documents\Documents\University\CS 300\assignments\assignment 2\28610-AtaollahHosseinzadehFard\28610-AtaollahHosseinzadehFard\Debug\link.16204-cvtres.read.1.tlog
C:\Users\hosse\Documents\Documents\University\CS 300\assignments\assignment 2\28610-AtaollahHosseinzadehFard\28610-AtaollahHosseinzadehFard\Debug\link.16204-cvtres.write.1.tlog
C:\Users\hosse\Documents\Documents\University\CS 300\assignments\assignment 2\28610-AtaollahHosseinzadehFard\28610-AtaollahHosseinzadehFard\Debug\link.16204-rc.read.1.tlog
C:\Users\hosse\Documents\Documents\University\CS 300\assignments\assignment 2\28610-AtaollahHosseinzadehFard\28610-AtaollahHosseinzadehFard\Debug\link.16204-rc.write.1.tlog
C:\Users\hosse\Documents\Documents\University\CS 300\assignments\assignment 2\28610-AtaollahHosseinzadehFard\28610-AtaollahHosseinzadehFard\Debug\link.16204.read.1.tlog
C:\Users\hosse\Documents\Documents\University\CS 300\assignments\assignment 2\28610-AtaollahHosseinzadehFard\28610-AtaollahHosseinzadehFard\Debug\link.16204.write.1.tlog
C:\Users\hosse\Documents\Documents\University\CS 300\assignments\assignment 2\28610-AtaollahHosseinzadehFard\28610-AtaollahHosseinzadehFard\Debug\link.18452-cvtres.read.1.tlog
C:\Users\hosse\Documents\Documents\University\CS 300\assignments\assignment 2\28610-AtaollahHosseinzadehFard\28610-AtaollahHosseinzadehFard\Debug\link.18452-cvtres.write.1.tlog
C:\Users\hosse\Documents\Documents\University\CS 300\assignments\assignment 2\28610-AtaollahHosseinzadehFard\28610-AtaollahHosseinzadehFard\Debug\link.18452-rc.read.1.tlog
C:\Users\hosse\Documents\Documents\University\CS 300\assignments\assignment 2\28610-AtaollahHosseinzadehFard\28610-AtaollahHosseinzadehFard\Debug\link.18452-rc.write.1.tlog
C:\Users\hosse\Documents\Documents\University\CS 300\assignments\assignment 2\28610-AtaollahHosseinzadehFard\28610-AtaollahHosseinzadehFard\Debug\link.18452.read.1.tlog
C:\Users\hosse\Documents\Documents\University\CS 300\assignments\assignment 2\28610-AtaollahHosseinzadehFard\28610-AtaollahHosseinzadehFard\Debug\link.18452.write.1.tlog
C:\Users\hosse\Documents\Documents\University\CS 300\assignments\assignment 2\28610-AtaollahHosseinzadehFard\28610-AtaollahHosseinzadehFard\Debug\link.19028-cvtres.read.1.tlog
C:\Users\hosse\Documents\Documents\University\CS 300\assignments\assignment 2\28610-AtaollahHosseinzadehFard\28610-AtaollahHosseinzadehFard\Debug\link.19028-cvtres.write.1.tlog
C:\Users\hosse\Documents\Documents\University\CS 300\assignments\assignment 2\28610-AtaollahHosseinzadehFard\28610-AtaollahHosseinzadehFard\Debug\link.19028-rc.read.1.tlog
C:\Users\hosse\Documents\Documents\University\CS 300\assignments\assignment 2\28610-AtaollahHosseinzadehFard\28610-AtaollahHosseinzadehFard\Debug\link.19028-rc.write.1.tlog
C:\Users\hosse\Documents\Documents\University\CS 300\assignments\assignment 2\28610-AtaollahHosseinzadehFard\28610-AtaollahHosseinzadehFard\Debug\link.19028.read.1.tlog
C:\Users\hosse\Documents\Documents\University\CS 300\assignments\assignment 2\28610-AtaollahHosseinzadehFard\28610-AtaollahHosseinzadehFard\Debug\link.19028.write.1.tlog
C:\Users\hosse\Documents\Documents\University\CS 300\assignments\assignment 2\28610-AtaollahHosseinzadehFard\28610-AtaollahHosseinzadehFard\Debug\link.command.1.tlog
C:\Users\hosse\Documents\Documents\University\CS 300\assignments\assignment 2\28610-AtaollahHosseinzadehFard\28610-AtaollahHosseinzadehFard\Debug\link.read.1.tlog
C:\Users\hosse\Documents\Documents\University\CS 300\assignments\assignment 2\28610-AtaollahHosseinzadehFard\28610-AtaollahHosseinzadehFard\Debug\link.write.1.tlog
C:\Users\hosse\Documents\Documents\University\CS 300\assignments\assignment 2\28610-AtaollahHosseinzadehFard\28610-AtaollahHosseinzadehFard\Debug\vc110.idb
C:\Users\hosse\Documents\Documents\University\CS 300\assignments\assignment 2\28610-AtaollahHosseinzadehFard\28610-AtaollahHosseinzadehFard\Debug\vc110.pdb
C:\Users\hosse\Documents\Documents\University\CS 300\assignments\assignment 2\28610-AtaollahHosseinzadehFard\Debug\28610-AtaollahHosseinzadehFard.pdb
