C:\USERS\HOSSE\DOCUMENTS\DOCUMENTS\UNIVERSITY\CS 300\ASSIGNMENTS\ASSIGNMENT 1\28610-ATAOLLAHHOSSEINZADEHFARD\28610-ATAOLLAHHOSSEINZADEHFARD\DEBUG\28610-ATAOLLAHHOSSEINZADEHFARD.OBJ
C:\USERS\HOSSE\DOCUMENTS\DOCUMENTS\UNIVERSITY\CS 300\ASSIGNMENTS\ASSIGNMENT 1\28610-ATAOLLAHHOSSEINZADEHFARD\28610-ATAOLLAHHOSSEINZADEHFARD\DEBUG\VC110.PDB
C:\USERS\HOSSE\DOCUMENTS\DOCUMENTS\UNIVERSITY\CS 300\ASSIGNMENTS\ASSIGNMENT 1\28610-ATAOLLAHHOSSEINZADEHFARD\28610-ATAOLLAHHOSSEINZADEHFARD\DEBUG\SOURCE.OBJ
C:\Users\hosse\Documents\Documents\University\CS 300\assignments\assignment 1\28610-AtaollahHosseinzadehFard\28610-AtaollahHosseinzadehFard\Debug\28610-AtaollahHosseinzadehFard.obj
C:\Users\hosse\Documents\Documents\University\CS 300\assignments\assignment 1\28610-AtaollahHosseinzadehFard\28610-AtaollahHosseinzadehFard\Debug\Source.obj
C:\Users\hosse\Documents\Documents\University\CS 300\assignments\assignment 1\28610-AtaollahHosseinzadehFard\28610-AtaollahHosseinzadehFard\Debug\cl.command.1.tlog
C:\Users\hosse\Documents\Documents\University\CS 300\assignments\assignment 1\28610-AtaollahHosseinzadehFard\28610-AtaollahHosseinzadehFard\Debug\CL.read.1.tlog
C:\Users\hosse\Documents\Documents\University\CS 300\assignments\assignment 1\28610-AtaollahHosseinzadehFard\28610-AtaollahHosseinzadehFard\Debug\CL.write.1.tlog
C:\Users\hosse\Documents\Documents\University\CS 300\assignments\assignment 1\28610-AtaollahHosseinzadehFard\28610-AtaollahHosseinzadehFard\Debug\link-cvtres.read.1.tlog
C:\Users\hosse\Documents\Documents\University\CS 300\assignments\assignment 1\28610-AtaollahHosseinzadehFard\28610-AtaollahHosseinzadehFard\Debug\link-cvtres.write.1.tlog
C:\Users\hosse\Documents\Documents\University\CS 300\assignments\assignment 1\28610-AtaollahHosseinzadehFard\28610-AtaollahHosseinzadehFard\Debug\link-rc.read.1.tlog
C:\Users\hosse\Documents\Documents\University\CS 300\assignments\assignment 1\28610-AtaollahHosseinzadehFard\28610-AtaollahHosseinzadehFard\Debug\link-rc.write.1.tlog
C:\Users\hosse\Documents\Documents\University\CS 300\assignments\assignment 1\28610-AtaollahHosseinzadehFard\28610-AtaollahHosseinzadehFard\Debug\link.11640-cvtres.read.1.tlog
C:\Users\hosse\Documents\Documents\University\CS 300\assignments\assignment 1\28610-AtaollahHosseinzadehFard\28610-AtaollahHosseinzadehFard\Debug\link.11640-cvtres.write.1.tlog
C:\Users\hosse\Documents\Documents\University\CS 300\assignments\assignment 1\28610-AtaollahHosseinzadehFard\28610-AtaollahHosseinzadehFard\Debug\link.11640-rc.read.1.tlog
C:\Users\hosse\Documents\Documents\University\CS 300\assignments\assignment 1\28610-AtaollahHosseinzadehFard\28610-AtaollahHosseinzadehFard\Debug\link.11640-rc.write.1.tlog
C:\Users\hosse\Documents\Documents\University\CS 300\assignments\assignment 1\28610-AtaollahHosseinzadehFard\28610-AtaollahHosseinzadehFard\Debug\link.11640.read.1.tlog
C:\Users\hosse\Documents\Documents\University\CS 300\assignments\assignment 1\28610-AtaollahHosseinzadehFard\28610-AtaollahHosseinzadehFard\Debug\link.11640.write.1.tlog
C:\Users\hosse\Documents\Documents\University\CS 300\assignments\assignment 1\28610-AtaollahHosseinzadehFard\28610-AtaollahHosseinzadehFard\Debug\link.12928-cvtres.read.1.tlog
C:\Users\hosse\Documents\Documents\University\CS 300\assignments\assignment 1\28610-AtaollahHosseinzadehFard\28610-AtaollahHosseinzadehFard\Debug\link.12928-cvtres.write.1.tlog
C:\Users\hosse\Documents\Documents\University\CS 300\assignments\assignment 1\28610-AtaollahHosseinzadehFard\28610-AtaollahHosseinzadehFard\Debug\link.12928-rc.read.1.tlog
C:\Users\hosse\Documents\Documents\University\CS 300\assignments\assignment 1\28610-AtaollahHosseinzadehFard\28610-AtaollahHosseinzadehFard\Debug\link.12928-rc.write.1.tlog
C:\Users\hosse\Documents\Documents\University\CS 300\assignments\assignment 1\28610-AtaollahHosseinzadehFard\28610-AtaollahHosseinzadehFard\Debug\link.12928.read.1.tlog
C:\Users\hosse\Documents\Documents\University\CS 300\assignments\assignment 1\28610-AtaollahHosseinzadehFard\28610-AtaollahHosseinzadehFard\Debug\link.12928.write.1.tlog
C:\Users\hosse\Documents\Documents\University\CS 300\assignments\assignment 1\28610-AtaollahHosseinzadehFard\28610-AtaollahHosseinzadehFard\Debug\link.1408-cvtres.read.1.tlog
C:\Users\hosse\Documents\Documents\University\CS 300\assignments\assignment 1\28610-AtaollahHosseinzadehFard\28610-AtaollahHosseinzadehFard\Debug\link.1408-cvtres.write.1.tlog
C:\Users\hosse\Documents\Documents\University\CS 300\assignments\assignment 1\28610-AtaollahHosseinzadehFard\28610-AtaollahHosseinzadehFard\Debug\link.1408-rc.read.1.tlog
C:\Users\hosse\Documents\Documents\University\CS 300\assignments\assignment 1\28610-AtaollahHosseinzadehFard\28610-AtaollahHosseinzadehFard\Debug\link.1408-rc.write.1.tlog
C:\Users\hosse\Documents\Documents\University\CS 300\assignments\assignment 1\28610-AtaollahHosseinzadehFard\28610-AtaollahHosseinzadehFard\Debug\link.1408.read.1.tlog
C:\Users\hosse\Documents\Documents\University\CS 300\assignments\assignment 1\28610-AtaollahHosseinzadehFard\28610-AtaollahHosseinzadehFard\Debug\link.1408.write.1.tlog
C:\Users\hosse\Documents\Documents\University\CS 300\assignments\assignment 1\28610-AtaollahHosseinzadehFard\28610-AtaollahHosseinzadehFard\Debug\link.15136-cvtres.read.1.tlog
C:\Users\hosse\Documents\Documents\University\CS 300\assignments\assignment 1\28610-AtaollahHosseinzadehFard\28610-AtaollahHosseinzadehFard\Debug\link.15136-cvtres.write.1.tlog
C:\Users\hosse\Documents\Documents\University\CS 300\assignments\assignment 1\28610-AtaollahHosseinzadehFard\28610-AtaollahHosseinzadehFard\Debug\link.15136-rc.read.1.tlog
C:\Users\hosse\Documents\Documents\University\CS 300\assignments\assignment 1\28610-AtaollahHosseinzadehFard\28610-AtaollahHosseinzadehFard\Debug\link.15136-rc.write.1.tlog
C:\Users\hosse\Documents\Documents\University\CS 300\assignments\assignment 1\28610-AtaollahHosseinzadehFard\28610-AtaollahHosseinzadehFard\Debug\link.15136.read.1.tlog
C:\Users\hosse\Documents\Documents\University\CS 300\assignments\assignment 1\28610-AtaollahHosseinzadehFard\28610-AtaollahHosseinzadehFard\Debug\link.15136.write.1.tlog
C:\Users\hosse\Documents\Documents\University\CS 300\assignments\assignment 1\28610-AtaollahHosseinzadehFard\28610-AtaollahHosseinzadehFard\Debug\link.15876-cvtres.read.1.tlog
C:\Users\hosse\Documents\Documents\University\CS 300\assignments\assignment 1\28610-AtaollahHosseinzadehFard\28610-AtaollahHosseinzadehFard\Debug\link.15876-cvtres.write.1.tlog
C:\Users\hosse\Documents\Documents\University\CS 300\assignments\assignment 1\28610-AtaollahHosseinzadehFard\28610-AtaollahHosseinzadehFard\Debug\link.15876-rc.read.1.tlog
C:\Users\hosse\Documents\Documents\University\CS 300\assignments\assignment 1\28610-AtaollahHosseinzadehFard\28610-AtaollahHosseinzadehFard\Debug\link.15876-rc.write.1.tlog
C:\Users\hosse\Documents\Documents\University\CS 300\assignments\assignment 1\28610-AtaollahHosseinzadehFard\28610-AtaollahHosseinzadehFard\Debug\link.15876.read.1.tlog
C:\Users\hosse\Documents\Documents\University\CS 300\assignments\assignment 1\28610-AtaollahHosseinzadehFard\28610-AtaollahHosseinzadehFard\Debug\link.15876.write.1.tlog
C:\Users\hosse\Documents\Documents\University\CS 300\assignments\assignment 1\28610-AtaollahHosseinzadehFard\28610-AtaollahHosseinzadehFard\Debug\link.15940-cvtres.read.1.tlog
C:\Users\hosse\Documents\Documents\University\CS 300\assignments\assignment 1\28610-AtaollahHosseinzadehFard\28610-AtaollahHosseinzadehFard\Debug\link.15940-cvtres.write.1.tlog
C:\Users\hosse\Documents\Documents\University\CS 300\assignments\assignment 1\28610-AtaollahHosseinzadehFard\28610-AtaollahHosseinzadehFard\Debug\link.15940-rc.read.1.tlog
C:\Users\hosse\Documents\Documents\University\CS 300\assignments\assignment 1\28610-AtaollahHosseinzadehFard\28610-AtaollahHosseinzadehFard\Debug\link.15940-rc.write.1.tlog
C:\Users\hosse\Documents\Documents\University\CS 300\assignments\assignment 1\28610-AtaollahHosseinzadehFard\28610-AtaollahHosseinzadehFard\Debug\link.15940.read.1.tlog
C:\Users\hosse\Documents\Documents\University\CS 300\assignments\assignment 1\28610-AtaollahHosseinzadehFard\28610-AtaollahHosseinzadehFard\Debug\link.15940.write.1.tlog
C:\Users\hosse\Documents\Documents\University\CS 300\assignments\assignment 1\28610-AtaollahHosseinzadehFard\28610-AtaollahHosseinzadehFard\Debug\link.16328-cvtres.read.1.tlog
C:\Users\hosse\Documents\Documents\University\CS 300\assignments\assignment 1\28610-AtaollahHosseinzadehFard\28610-AtaollahHosseinzadehFard\Debug\link.16328-cvtres.write.1.tlog
C:\Users\hosse\Documents\Documents\University\CS 300\assignments\assignment 1\28610-AtaollahHosseinzadehFard\28610-AtaollahHosseinzadehFard\Debug\link.16328-rc.read.1.tlog
C:\Users\hosse\Documents\Documents\University\CS 300\assignments\assignment 1\28610-AtaollahHosseinzadehFard\28610-AtaollahHosseinzadehFard\Debug\link.16328-rc.write.1.tlog
C:\Users\hosse\Documents\Documents\University\CS 300\assignments\assignment 1\28610-AtaollahHosseinzadehFard\28610-AtaollahHosseinzadehFard\Debug\link.16328.read.1.tlog
C:\Users\hosse\Documents\Documents\University\CS 300\assignments\assignment 1\28610-AtaollahHosseinzadehFard\28610-AtaollahHosseinzadehFard\Debug\link.16328.write.1.tlog
C:\Users\hosse\Documents\Documents\University\CS 300\assignments\assignment 1\28610-AtaollahHosseinzadehFard\28610-AtaollahHosseinzadehFard\Debug\link.16336-cvtres.read.1.tlog
C:\Users\hosse\Documents\Documents\University\CS 300\assignments\assignment 1\28610-AtaollahHosseinzadehFard\28610-AtaollahHosseinzadehFard\Debug\link.16336-cvtres.write.1.tlog
C:\Users\hosse\Documents\Documents\University\CS 300\assignments\assignment 1\28610-AtaollahHosseinzadehFard\28610-AtaollahHosseinzadehFard\Debug\link.16336-rc.read.1.tlog
C:\Users\hosse\Documents\Documents\University\CS 300\assignments\assignment 1\28610-AtaollahHosseinzadehFard\28610-AtaollahHosseinzadehFard\Debug\link.16336-rc.write.1.tlog
C:\Users\hosse\Documents\Documents\University\CS 300\assignments\assignment 1\28610-AtaollahHosseinzadehFard\28610-AtaollahHosseinzadehFard\Debug\link.16336.read.1.tlog
C:\Users\hosse\Documents\Documents\University\CS 300\assignments\assignment 1\28610-AtaollahHosseinzadehFard\28610-AtaollahHosseinzadehFard\Debug\link.16336.write.1.tlog
C:\Users\hosse\Documents\Documents\University\CS 300\assignments\assignment 1\28610-AtaollahHosseinzadehFard\28610-AtaollahHosseinzadehFard\Debug\link.16564-cvtres.read.1.tlog
C:\Users\hosse\Documents\Documents\University\CS 300\assignments\assignment 1\28610-AtaollahHosseinzadehFard\28610-AtaollahHosseinzadehFard\Debug\link.16564-cvtres.write.1.tlog
C:\Users\hosse\Documents\Documents\University\CS 300\assignments\assignment 1\28610-AtaollahHosseinzadehFard\28610-AtaollahHosseinzadehFard\Debug\link.16564-rc.read.1.tlog
C:\Users\hosse\Documents\Documents\University\CS 300\assignments\assignment 1\28610-AtaollahHosseinzadehFard\28610-AtaollahHosseinzadehFard\Debug\link.16564-rc.write.1.tlog
C:\Users\hosse\Documents\Documents\University\CS 300\assignments\assignment 1\28610-AtaollahHosseinzadehFard\28610-AtaollahHosseinzadehFard\Debug\link.16564.read.1.tlog
C:\Users\hosse\Documents\Documents\University\CS 300\assignments\assignment 1\28610-AtaollahHosseinzadehFard\28610-AtaollahHosseinzadehFard\Debug\link.16564.write.1.tlog
C:\Users\hosse\Documents\Documents\University\CS 300\assignments\assignment 1\28610-AtaollahHosseinzadehFard\28610-AtaollahHosseinzadehFard\Debug\link.16768-cvtres.read.1.tlog
C:\Users\hosse\Documents\Documents\University\CS 300\assignments\assignment 1\28610-AtaollahHosseinzadehFard\28610-AtaollahHosseinzadehFard\Debug\link.16768-cvtres.write.1.tlog
C:\Users\hosse\Documents\Documents\University\CS 300\assignments\assignment 1\28610-AtaollahHosseinzadehFard\28610-AtaollahHosseinzadehFard\Debug\link.16768-rc.read.1.tlog
C:\Users\hosse\Documents\Documents\University\CS 300\assignments\assignment 1\28610-AtaollahHosseinzadehFard\28610-AtaollahHosseinzadehFard\Debug\link.16768-rc.write.1.tlog
C:\Users\hosse\Documents\Documents\University\CS 300\assignments\assignment 1\28610-AtaollahHosseinzadehFard\28610-AtaollahHosseinzadehFard\Debug\link.16768.read.1.tlog
C:\Users\hosse\Documents\Documents\University\CS 300\assignments\assignment 1\28610-AtaollahHosseinzadehFard\28610-AtaollahHosseinzadehFard\Debug\link.16768.write.1.tlog
C:\Users\hosse\Documents\Documents\University\CS 300\assignments\assignment 1\28610-AtaollahHosseinzadehFard\28610-AtaollahHosseinzadehFard\Debug\link.17332-cvtres.read.1.tlog
C:\Users\hosse\Documents\Documents\University\CS 300\assignments\assignment 1\28610-AtaollahHosseinzadehFard\28610-AtaollahHosseinzadehFard\Debug\link.17332-cvtres.write.1.tlog
C:\Users\hosse\Documents\Documents\University\CS 300\assignments\assignment 1\28610-AtaollahHosseinzadehFard\28610-AtaollahHosseinzadehFard\Debug\link.17332-rc.read.1.tlog
C:\Users\hosse\Documents\Documents\University\CS 300\assignments\assignment 1\28610-AtaollahHosseinzadehFard\28610-AtaollahHosseinzadehFard\Debug\link.17332-rc.write.1.tlog
C:\Users\hosse\Documents\Documents\University\CS 300\assignments\assignment 1\28610-AtaollahHosseinzadehFard\28610-AtaollahHosseinzadehFard\Debug\link.17332.read.1.tlog
C:\Users\hosse\Documents\Documents\University\CS 300\assignments\assignment 1\28610-AtaollahHosseinzadehFard\28610-AtaollahHosseinzadehFard\Debug\link.17332.write.1.tlog
C:\Users\hosse\Documents\Documents\University\CS 300\assignments\assignment 1\28610-AtaollahHosseinzadehFard\28610-AtaollahHosseinzadehFard\Debug\link.19304-cvtres.read.1.tlog
C:\Users\hosse\Documents\Documents\University\CS 300\assignments\assignment 1\28610-AtaollahHosseinzadehFard\28610-AtaollahHosseinzadehFard\Debug\link.19304-cvtres.write.1.tlog
C:\Users\hosse\Documents\Documents\University\CS 300\assignments\assignment 1\28610-AtaollahHosseinzadehFard\28610-AtaollahHosseinzadehFard\Debug\link.19304-rc.read.1.tlog
C:\Users\hosse\Documents\Documents\University\CS 300\assignments\assignment 1\28610-AtaollahHosseinzadehFard\28610-AtaollahHosseinzadehFard\Debug\link.19304-rc.write.1.tlog
C:\Users\hosse\Documents\Documents\University\CS 300\assignments\assignment 1\28610-AtaollahHosseinzadehFard\28610-AtaollahHosseinzadehFard\Debug\link.19304.read.1.tlog
C:\Users\hosse\Documents\Documents\University\CS 300\assignments\assignment 1\28610-AtaollahHosseinzadehFard\28610-AtaollahHosseinzadehFard\Debug\link.19304.write.1.tlog
C:\Users\hosse\Documents\Documents\University\CS 300\assignments\assignment 1\28610-AtaollahHosseinzadehFard\28610-AtaollahHosseinzadehFard\Debug\link.19528-cvtres.read.1.tlog
C:\Users\hosse\Documents\Documents\University\CS 300\assignments\assignment 1\28610-AtaollahHosseinzadehFard\28610-AtaollahHosseinzadehFard\Debug\link.19528-cvtres.write.1.tlog
C:\Users\hosse\Documents\Documents\University\CS 300\assignments\assignment 1\28610-AtaollahHosseinzadehFard\28610-AtaollahHosseinzadehFard\Debug\link.19528-rc.read.1.tlog
C:\Users\hosse\Documents\Documents\University\CS 300\assignments\assignment 1\28610-AtaollahHosseinzadehFard\28610-AtaollahHosseinzadehFard\Debug\link.19528-rc.write.1.tlog
C:\Users\hosse\Documents\Documents\University\CS 300\assignments\assignment 1\28610-AtaollahHosseinzadehFard\28610-AtaollahHosseinzadehFard\Debug\link.19528.read.1.tlog
C:\Users\hosse\Documents\Documents\University\CS 300\assignments\assignment 1\28610-AtaollahHosseinzadehFard\28610-AtaollahHosseinzadehFard\Debug\link.19528.write.1.tlog
C:\Users\hosse\Documents\Documents\University\CS 300\assignments\assignment 1\28610-AtaollahHosseinzadehFard\28610-AtaollahHosseinzadehFard\Debug\link.19664-cvtres.read.1.tlog
C:\Users\hosse\Documents\Documents\University\CS 300\assignments\assignment 1\28610-AtaollahHosseinzadehFard\28610-AtaollahHosseinzadehFard\Debug\link.19664-cvtres.write.1.tlog
C:\Users\hosse\Documents\Documents\University\CS 300\assignments\assignment 1\28610-AtaollahHosseinzadehFard\28610-AtaollahHosseinzadehFard\Debug\link.19664-rc.read.1.tlog
C:\Users\hosse\Documents\Documents\University\CS 300\assignments\assignment 1\28610-AtaollahHosseinzadehFard\28610-AtaollahHosseinzadehFard\Debug\link.19664-rc.write.1.tlog
C:\Users\hosse\Documents\Documents\University\CS 300\assignments\assignment 1\28610-AtaollahHosseinzadehFard\28610-AtaollahHosseinzadehFard\Debug\link.19664.read.1.tlog
C:\Users\hosse\Documents\Documents\University\CS 300\assignments\assignment 1\28610-AtaollahHosseinzadehFard\28610-AtaollahHosseinzadehFard\Debug\link.19664.write.1.tlog
C:\Users\hosse\Documents\Documents\University\CS 300\assignments\assignment 1\28610-AtaollahHosseinzadehFard\28610-AtaollahHosseinzadehFard\Debug\link.20460-cvtres.read.1.tlog
C:\Users\hosse\Documents\Documents\University\CS 300\assignments\assignment 1\28610-AtaollahHosseinzadehFard\28610-AtaollahHosseinzadehFard\Debug\link.20460-cvtres.write.1.tlog
C:\Users\hosse\Documents\Documents\University\CS 300\assignments\assignment 1\28610-AtaollahHosseinzadehFard\28610-AtaollahHosseinzadehFard\Debug\link.20460-rc.read.1.tlog
C:\Users\hosse\Documents\Documents\University\CS 300\assignments\assignment 1\28610-AtaollahHosseinzadehFard\28610-AtaollahHosseinzadehFard\Debug\link.20460-rc.write.1.tlog
C:\Users\hosse\Documents\Documents\University\CS 300\assignments\assignment 1\28610-AtaollahHosseinzadehFard\28610-AtaollahHosseinzadehFard\Debug\link.20460.read.1.tlog
C:\Users\hosse\Documents\Documents\University\CS 300\assignments\assignment 1\28610-AtaollahHosseinzadehFard\28610-AtaollahHosseinzadehFard\Debug\link.20460.write.1.tlog
C:\Users\hosse\Documents\Documents\University\CS 300\assignments\assignment 1\28610-AtaollahHosseinzadehFard\28610-AtaollahHosseinzadehFard\Debug\link.20996-cvtres.read.1.tlog
C:\Users\hosse\Documents\Documents\University\CS 300\assignments\assignment 1\28610-AtaollahHosseinzadehFard\28610-AtaollahHosseinzadehFard\Debug\link.20996-cvtres.write.1.tlog
C:\Users\hosse\Documents\Documents\University\CS 300\assignments\assignment 1\28610-AtaollahHosseinzadehFard\28610-AtaollahHosseinzadehFard\Debug\link.20996-rc.read.1.tlog
C:\Users\hosse\Documents\Documents\University\CS 300\assignments\assignment 1\28610-AtaollahHosseinzadehFard\28610-AtaollahHosseinzadehFard\Debug\link.20996-rc.write.1.tlog
C:\Users\hosse\Documents\Documents\University\CS 300\assignments\assignment 1\28610-AtaollahHosseinzadehFard\28610-AtaollahHosseinzadehFard\Debug\link.20996.read.1.tlog
C:\Users\hosse\Documents\Documents\University\CS 300\assignments\assignment 1\28610-AtaollahHosseinzadehFard\28610-AtaollahHosseinzadehFard\Debug\link.20996.write.1.tlog
C:\Users\hosse\Documents\Documents\University\CS 300\assignments\assignment 1\28610-AtaollahHosseinzadehFard\28610-AtaollahHosseinzadehFard\Debug\link.22784-cvtres.read.1.tlog
C:\Users\hosse\Documents\Documents\University\CS 300\assignments\assignment 1\28610-AtaollahHosseinzadehFard\28610-AtaollahHosseinzadehFard\Debug\link.22784-cvtres.write.1.tlog
C:\Users\hosse\Documents\Documents\University\CS 300\assignments\assignment 1\28610-AtaollahHosseinzadehFard\28610-AtaollahHosseinzadehFard\Debug\link.22784-rc.read.1.tlog
C:\Users\hosse\Documents\Documents\University\CS 300\assignments\assignment 1\28610-AtaollahHosseinzadehFard\28610-AtaollahHosseinzadehFard\Debug\link.22784-rc.write.1.tlog
C:\Users\hosse\Documents\Documents\University\CS 300\assignments\assignment 1\28610-AtaollahHosseinzadehFard\28610-AtaollahHosseinzadehFard\Debug\link.22784.read.1.tlog
C:\Users\hosse\Documents\Documents\University\CS 300\assignments\assignment 1\28610-AtaollahHosseinzadehFard\28610-AtaollahHosseinzadehFard\Debug\link.22784.write.1.tlog
C:\Users\hosse\Documents\Documents\University\CS 300\assignments\assignment 1\28610-AtaollahHosseinzadehFard\28610-AtaollahHosseinzadehFard\Debug\link.24120-cvtres.read.1.tlog
C:\Users\hosse\Documents\Documents\University\CS 300\assignments\assignment 1\28610-AtaollahHosseinzadehFard\28610-AtaollahHosseinzadehFard\Debug\link.24120-cvtres.write.1.tlog
C:\Users\hosse\Documents\Documents\University\CS 300\assignments\assignment 1\28610-AtaollahHosseinzadehFard\28610-AtaollahHosseinzadehFard\Debug\link.24120-rc.read.1.tlog
C:\Users\hosse\Documents\Documents\University\CS 300\assignments\assignment 1\28610-AtaollahHosseinzadehFard\28610-AtaollahHosseinzadehFard\Debug\link.24120-rc.write.1.tlog
C:\Users\hosse\Documents\Documents\University\CS 300\assignments\assignment 1\28610-AtaollahHosseinzadehFard\28610-AtaollahHosseinzadehFard\Debug\link.24120.read.1.tlog
C:\Users\hosse\Documents\Documents\University\CS 300\assignments\assignment 1\28610-AtaollahHosseinzadehFard\28610-AtaollahHosseinzadehFard\Debug\link.24120.write.1.tlog
C:\Users\hosse\Documents\Documents\University\CS 300\assignments\assignment 1\28610-AtaollahHosseinzadehFard\28610-AtaollahHosseinzadehFard\Debug\link.24552-cvtres.read.1.tlog
C:\Users\hosse\Documents\Documents\University\CS 300\assignments\assignment 1\28610-AtaollahHosseinzadehFard\28610-AtaollahHosseinzadehFard\Debug\link.24552-cvtres.write.1.tlog
C:\Users\hosse\Documents\Documents\University\CS 300\assignments\assignment 1\28610-AtaollahHosseinzadehFard\28610-AtaollahHosseinzadehFard\Debug\link.24552-rc.read.1.tlog
C:\Users\hosse\Documents\Documents\University\CS 300\assignments\assignment 1\28610-AtaollahHosseinzadehFard\28610-AtaollahHosseinzadehFard\Debug\link.24552-rc.write.1.tlog
C:\Users\hosse\Documents\Documents\University\CS 300\assignments\assignment 1\28610-AtaollahHosseinzadehFard\28610-AtaollahHosseinzadehFard\Debug\link.24552.read.1.tlog
C:\Users\hosse\Documents\Documents\University\CS 300\assignments\assignment 1\28610-AtaollahHosseinzadehFard\28610-AtaollahHosseinzadehFard\Debug\link.24552.write.1.tlog
C:\Users\hosse\Documents\Documents\University\CS 300\assignments\assignment 1\28610-AtaollahHosseinzadehFard\28610-AtaollahHosseinzadehFard\Debug\link.24996-cvtres.read.1.tlog
C:\Users\hosse\Documents\Documents\University\CS 300\assignments\assignment 1\28610-AtaollahHosseinzadehFard\28610-AtaollahHosseinzadehFard\Debug\link.24996-cvtres.write.1.tlog
C:\Users\hosse\Documents\Documents\University\CS 300\assignments\assignment 1\28610-AtaollahHosseinzadehFard\28610-AtaollahHosseinzadehFard\Debug\link.24996-rc.read.1.tlog
C:\Users\hosse\Documents\Documents\University\CS 300\assignments\assignment 1\28610-AtaollahHosseinzadehFard\28610-AtaollahHosseinzadehFard\Debug\link.24996-rc.write.1.tlog
C:\Users\hosse\Documents\Documents\University\CS 300\assignments\assignment 1\28610-AtaollahHosseinzadehFard\28610-AtaollahHosseinzadehFard\Debug\link.24996.read.1.tlog
C:\Users\hosse\Documents\Documents\University\CS 300\assignments\assignment 1\28610-AtaollahHosseinzadehFard\28610-AtaollahHosseinzadehFard\Debug\link.24996.write.1.tlog
C:\Users\hosse\Documents\Documents\University\CS 300\assignments\assignment 1\28610-AtaollahHosseinzadehFard\28610-AtaollahHosseinzadehFard\Debug\link.25764-cvtres.read.1.tlog
C:\Users\hosse\Documents\Documents\University\CS 300\assignments\assignment 1\28610-AtaollahHosseinzadehFard\28610-AtaollahHosseinzadehFard\Debug\link.25764-cvtres.write.1.tlog
C:\Users\hosse\Documents\Documents\University\CS 300\assignments\assignment 1\28610-AtaollahHosseinzadehFard\28610-AtaollahHosseinzadehFard\Debug\link.25764-rc.read.1.tlog
C:\Users\hosse\Documents\Documents\University\CS 300\assignments\assignment 1\28610-AtaollahHosseinzadehFard\28610-AtaollahHosseinzadehFard\Debug\link.25764-rc.write.1.tlog
C:\Users\hosse\Documents\Documents\University\CS 300\assignments\assignment 1\28610-AtaollahHosseinzadehFard\28610-AtaollahHosseinzadehFard\Debug\link.25764.read.1.tlog
C:\Users\hosse\Documents\Documents\University\CS 300\assignments\assignment 1\28610-AtaollahHosseinzadehFard\28610-AtaollahHosseinzadehFard\Debug\link.25764.write.1.tlog
C:\Users\hosse\Documents\Documents\University\CS 300\assignments\assignment 1\28610-AtaollahHosseinzadehFard\28610-AtaollahHosseinzadehFard\Debug\link.3992-cvtres.read.1.tlog
C:\Users\hosse\Documents\Documents\University\CS 300\assignments\assignment 1\28610-AtaollahHosseinzadehFard\28610-AtaollahHosseinzadehFard\Debug\link.3992-cvtres.write.1.tlog
C:\Users\hosse\Documents\Documents\University\CS 300\assignments\assignment 1\28610-AtaollahHosseinzadehFard\28610-AtaollahHosseinzadehFard\Debug\link.3992-rc.read.1.tlog
C:\Users\hosse\Documents\Documents\University\CS 300\assignments\assignment 1\28610-AtaollahHosseinzadehFard\28610-AtaollahHosseinzadehFard\Debug\link.3992-rc.write.1.tlog
C:\Users\hosse\Documents\Documents\University\CS 300\assignments\assignment 1\28610-AtaollahHosseinzadehFard\28610-AtaollahHosseinzadehFard\Debug\link.3992.read.1.tlog
C:\Users\hosse\Documents\Documents\University\CS 300\assignments\assignment 1\28610-AtaollahHosseinzadehFard\28610-AtaollahHosseinzadehFard\Debug\link.3992.write.1.tlog
C:\Users\hosse\Documents\Documents\University\CS 300\assignments\assignment 1\28610-AtaollahHosseinzadehFard\28610-AtaollahHosseinzadehFard\Debug\link.4584-cvtres.read.1.tlog
C:\Users\hosse\Documents\Documents\University\CS 300\assignments\assignment 1\28610-AtaollahHosseinzadehFard\28610-AtaollahHosseinzadehFard\Debug\link.4584-cvtres.write.1.tlog
C:\Users\hosse\Documents\Documents\University\CS 300\assignments\assignment 1\28610-AtaollahHosseinzadehFard\28610-AtaollahHosseinzadehFard\Debug\link.4584-rc.read.1.tlog
C:\Users\hosse\Documents\Documents\University\CS 300\assignments\assignment 1\28610-AtaollahHosseinzadehFard\28610-AtaollahHosseinzadehFard\Debug\link.4584-rc.write.1.tlog
C:\Users\hosse\Documents\Documents\University\CS 300\assignments\assignment 1\28610-AtaollahHosseinzadehFard\28610-AtaollahHosseinzadehFard\Debug\link.4584.read.1.tlog
C:\Users\hosse\Documents\Documents\University\CS 300\assignments\assignment 1\28610-AtaollahHosseinzadehFard\28610-AtaollahHosseinzadehFard\Debug\link.4584.write.1.tlog
C:\Users\hosse\Documents\Documents\University\CS 300\assignments\assignment 1\28610-AtaollahHosseinzadehFard\28610-AtaollahHosseinzadehFard\Debug\link.5976-cvtres.read.1.tlog
C:\Users\hosse\Documents\Documents\University\CS 300\assignments\assignment 1\28610-AtaollahHosseinzadehFard\28610-AtaollahHosseinzadehFard\Debug\link.5976-cvtres.write.1.tlog
C:\Users\hosse\Documents\Documents\University\CS 300\assignments\assignment 1\28610-AtaollahHosseinzadehFard\28610-AtaollahHosseinzadehFard\Debug\link.5976-rc.read.1.tlog
C:\Users\hosse\Documents\Documents\University\CS 300\assignments\assignment 1\28610-AtaollahHosseinzadehFard\28610-AtaollahHosseinzadehFard\Debug\link.5976-rc.write.1.tlog
C:\Users\hosse\Documents\Documents\University\CS 300\assignments\assignment 1\28610-AtaollahHosseinzadehFard\28610-AtaollahHosseinzadehFard\Debug\link.5976.read.1.tlog
C:\Users\hosse\Documents\Documents\University\CS 300\assignments\assignment 1\28610-AtaollahHosseinzadehFard\28610-AtaollahHosseinzadehFard\Debug\link.5976.write.1.tlog
C:\Users\hosse\Documents\Documents\University\CS 300\assignments\assignment 1\28610-AtaollahHosseinzadehFard\28610-AtaollahHosseinzadehFard\Debug\link.6120-cvtres.read.1.tlog
C:\Users\hosse\Documents\Documents\University\CS 300\assignments\assignment 1\28610-AtaollahHosseinzadehFard\28610-AtaollahHosseinzadehFard\Debug\link.6120-cvtres.write.1.tlog
C:\Users\hosse\Documents\Documents\University\CS 300\assignments\assignment 1\28610-AtaollahHosseinzadehFard\28610-AtaollahHosseinzadehFard\Debug\link.6120-rc.read.1.tlog
C:\Users\hosse\Documents\Documents\University\CS 300\assignments\assignment 1\28610-AtaollahHosseinzadehFard\28610-AtaollahHosseinzadehFard\Debug\link.6120-rc.write.1.tlog
C:\Users\hosse\Documents\Documents\University\CS 300\assignments\assignment 1\28610-AtaollahHosseinzadehFard\28610-AtaollahHosseinzadehFard\Debug\link.6120.read.1.tlog
C:\Users\hosse\Documents\Documents\University\CS 300\assignments\assignment 1\28610-AtaollahHosseinzadehFard\28610-AtaollahHosseinzadehFard\Debug\link.6120.write.1.tlog
C:\Users\hosse\Documents\Documents\University\CS 300\assignments\assignment 1\28610-AtaollahHosseinzadehFard\28610-AtaollahHosseinzadehFard\Debug\link.6376-cvtres.read.1.tlog
C:\Users\hosse\Documents\Documents\University\CS 300\assignments\assignment 1\28610-AtaollahHosseinzadehFard\28610-AtaollahHosseinzadehFard\Debug\link.6376-cvtres.write.1.tlog
C:\Users\hosse\Documents\Documents\University\CS 300\assignments\assignment 1\28610-AtaollahHosseinzadehFard\28610-AtaollahHosseinzadehFard\Debug\link.6376-rc.read.1.tlog
C:\Users\hosse\Documents\Documents\University\CS 300\assignments\assignment 1\28610-AtaollahHosseinzadehFard\28610-AtaollahHosseinzadehFard\Debug\link.6376-rc.write.1.tlog
C:\Users\hosse\Documents\Documents\University\CS 300\assignments\assignment 1\28610-AtaollahHosseinzadehFard\28610-AtaollahHosseinzadehFard\Debug\link.6376.read.1.tlog
C:\Users\hosse\Documents\Documents\University\CS 300\assignments\assignment 1\28610-AtaollahHosseinzadehFard\28610-AtaollahHosseinzadehFard\Debug\link.6376.write.1.tlog
C:\Users\hosse\Documents\Documents\University\CS 300\assignments\assignment 1\28610-AtaollahHosseinzadehFard\28610-AtaollahHosseinzadehFard\Debug\link.6988-cvtres.read.1.tlog
C:\Users\hosse\Documents\Documents\University\CS 300\assignments\assignment 1\28610-AtaollahHosseinzadehFard\28610-AtaollahHosseinzadehFard\Debug\link.6988-cvtres.write.1.tlog
C:\Users\hosse\Documents\Documents\University\CS 300\assignments\assignment 1\28610-AtaollahHosseinzadehFard\28610-AtaollahHosseinzadehFard\Debug\link.6988-rc.read.1.tlog
C:\Users\hosse\Documents\Documents\University\CS 300\assignments\assignment 1\28610-AtaollahHosseinzadehFard\28610-AtaollahHosseinzadehFard\Debug\link.6988-rc.write.1.tlog
C:\Users\hosse\Documents\Documents\University\CS 300\assignments\assignment 1\28610-AtaollahHosseinzadehFard\28610-AtaollahHosseinzadehFard\Debug\link.6988.read.1.tlog
C:\Users\hosse\Documents\Documents\University\CS 300\assignments\assignment 1\28610-AtaollahHosseinzadehFard\28610-AtaollahHosseinzadehFard\Debug\link.6988.write.1.tlog
C:\Users\hosse\Documents\Documents\University\CS 300\assignments\assignment 1\28610-AtaollahHosseinzadehFard\28610-AtaollahHosseinzadehFard\Debug\link.7860-cvtres.read.1.tlog
C:\Users\hosse\Documents\Documents\University\CS 300\assignments\assignment 1\28610-AtaollahHosseinzadehFard\28610-AtaollahHosseinzadehFard\Debug\link.7860-cvtres.write.1.tlog
C:\Users\hosse\Documents\Documents\University\CS 300\assignments\assignment 1\28610-AtaollahHosseinzadehFard\28610-AtaollahHosseinzadehFard\Debug\link.7860-rc.read.1.tlog
C:\Users\hosse\Documents\Documents\University\CS 300\assignments\assignment 1\28610-AtaollahHosseinzadehFard\28610-AtaollahHosseinzadehFard\Debug\link.7860-rc.write.1.tlog
C:\Users\hosse\Documents\Documents\University\CS 300\assignments\assignment 1\28610-AtaollahHosseinzadehFard\28610-AtaollahHosseinzadehFard\Debug\link.7860.read.1.tlog
C:\Users\hosse\Documents\Documents\University\CS 300\assignments\assignment 1\28610-AtaollahHosseinzadehFard\28610-AtaollahHosseinzadehFard\Debug\link.7860.write.1.tlog
C:\Users\hosse\Documents\Documents\University\CS 300\assignments\assignment 1\28610-AtaollahHosseinzadehFard\28610-AtaollahHosseinzadehFard\Debug\link.8788-cvtres.read.1.tlog
C:\Users\hosse\Documents\Documents\University\CS 300\assignments\assignment 1\28610-AtaollahHosseinzadehFard\28610-AtaollahHosseinzadehFard\Debug\link.8788-cvtres.write.1.tlog
C:\Users\hosse\Documents\Documents\University\CS 300\assignments\assignment 1\28610-AtaollahHosseinzadehFard\28610-AtaollahHosseinzadehFard\Debug\link.8788-rc.read.1.tlog
C:\Users\hosse\Documents\Documents\University\CS 300\assignments\assignment 1\28610-AtaollahHosseinzadehFard\28610-AtaollahHosseinzadehFard\Debug\link.8788-rc.write.1.tlog
C:\Users\hosse\Documents\Documents\University\CS 300\assignments\assignment 1\28610-AtaollahHosseinzadehFard\28610-AtaollahHosseinzadehFard\Debug\link.8788.read.1.tlog
C:\Users\hosse\Documents\Documents\University\CS 300\assignments\assignment 1\28610-AtaollahHosseinzadehFard\28610-AtaollahHosseinzadehFard\Debug\link.8788.write.1.tlog
C:\Users\hosse\Documents\Documents\University\CS 300\assignments\assignment 1\28610-AtaollahHosseinzadehFard\28610-AtaollahHosseinzadehFard\Debug\link.command.1.tlog
C:\Users\hosse\Documents\Documents\University\CS 300\assignments\assignment 1\28610-AtaollahHosseinzadehFard\28610-AtaollahHosseinzadehFard\Debug\link.read.1.tlog
C:\Users\hosse\Documents\Documents\University\CS 300\assignments\assignment 1\28610-AtaollahHosseinzadehFard\28610-AtaollahHosseinzadehFard\Debug\link.write.1.tlog
C:\Users\hosse\Documents\Documents\University\CS 300\assignments\assignment 1\28610-AtaollahHosseinzadehFard\28610-AtaollahHosseinzadehFard\Debug\vc110.idb
C:\Users\hosse\Documents\Documents\University\CS 300\assignments\assignment 1\28610-AtaollahHosseinzadehFard\28610-AtaollahHosseinzadehFard\Debug\vc110.pdb
C:\Users\hosse\Documents\Documents\University\CS 300\assignments\assignment 1\28610-AtaollahHosseinzadehFard\Debug\28610-AtaollahHosseinzadehFard.pdb
C:\Users\hosse\Documents\Documents\University\CS 300\assignments\assignment 1\28610-AtaollahHosseinzadehFard\Debug\28610-AtaollahHosseinzadehFard.exe
C:\Users\hosse\Documents\Documents\University\CS 300\assignments\assignment 1\28610-AtaollahHosseinzadehFard\Debug\28610-AtaollahHosseinzadehFard.ilk
