D:\DOCUMENTS\UNIVERSITY\CS 204\HOMEWORKS\CS204_HOMEWORK6_SPRING2021\HW6\HW6\DEBUG\ATAOLLAH_HOSSEINZADEH FARD_ATAOLLAH_HW6.OBJ
D:\DOCUMENTS\UNIVERSITY\CS 204\HOMEWORKS\CS204_HOMEWORK6_SPRING2021\HW6\HW6\DEBUG\VC110.PDB
D:\DOCUMENTS\UNIVERSITY\CS 204\HOMEWORKS\CS204_HOMEWORK6_SPRING2021\HW6\DEBUG\HW6.ILK
D:\DOCUMENTS\UNIVERSITY\CS 204\HOMEWORKS\CS204_HOMEWORK6_SPRING2021\HW6\DEBUG\HW6.EXE
D:\DOCUMENTS\UNIVERSITY\CS 204\HOMEWORKS\CS204_HOMEWORK6_SPRING2021\HW6\DEBUG\HW6.PDB
D:\Documents\University\CS 204\Homeworks\CS204_Homework6_Spring2021\HW6\HW6\Debug\ataollah_Hosseinzadeh Fard_Ataollah_hw6.obj
D:\Documents\University\CS 204\Homeworks\CS204_Homework6_Spring2021\HW6\HW6\Debug\cl.command.1.tlog
D:\Documents\University\CS 204\Homeworks\CS204_Homework6_Spring2021\HW6\HW6\Debug\CL.read.1.tlog
D:\Documents\University\CS 204\Homeworks\CS204_Homework6_Spring2021\HW6\HW6\Debug\CL.write.1.tlog
D:\Documents\University\CS 204\Homeworks\CS204_Homework6_Spring2021\HW6\HW6\Debug\link-cvtres.read.1.tlog
D:\Documents\University\CS 204\Homeworks\CS204_Homework6_Spring2021\HW6\HW6\Debug\link-cvtres.write.1.tlog
D:\Documents\University\CS 204\Homeworks\CS204_Homework6_Spring2021\HW6\HW6\Debug\link-rc.read.1.tlog
D:\Documents\University\CS 204\Homeworks\CS204_Homework6_Spring2021\HW6\HW6\Debug\link-rc.write.1.tlog
D:\Documents\University\CS 204\Homeworks\CS204_Homework6_Spring2021\HW6\HW6\Debug\link.command.1.tlog
D:\Documents\University\CS 204\Homeworks\CS204_Homework6_Spring2021\HW6\HW6\Debug\link.read.1.tlog
D:\Documents\University\CS 204\Homeworks\CS204_Homework6_Spring2021\HW6\HW6\Debug\link.write.1.tlog
D:\Documents\University\CS 204\Homeworks\CS204_Homework6_Spring2021\HW6\HW6\Debug\vc110.idb
D:\Documents\University\CS 204\Homeworks\CS204_Homework6_Spring2021\HW6\HW6\Debug\vc110.pdb
D:\Documents\University\CS 204\Homeworks\CS204_Homework6_Spring2021\HW6\Debug\HW6.pdb
D:\Documents\University\CS 204\Homeworks\CS204_Homework6_Spring2021\HW6\Debug\HW6.exe
D:\Documents\University\CS 204\Homeworks\CS204_Homework6_Spring2021\HW6\Debug\HW6.ilk
